Compiling the C compiler identification source file "CMakeCCompilerId.c" failed.
Compiler: //usr/local/bin/eosio-cc 
Build flags: ;-O3;
Id flags:  

The output was:
255
/usr/local/Cellar/eosio.cdt/1.7.0/opt/eosio.cdt/bin/wasm-ld: error: fatal failure: contract with no actions and trying to create dispatcher


Compiling the CXX compiler identification source file "CMakeCXXCompilerId.cpp" failed.
Compiler: //usr/local/bin/eosio-cpp 
Build flags: ;-O3;
Id flags:  

The output was:
255
/usr/local/Cellar/eosio.cdt/1.7.0/opt/eosio.cdt/bin/wasm-ld: error: fatal failure: contract with no actions and trying to create dispatcher


Detecting C compiler ABI info failed to compile with the following output:
Change Dir: /Users/joe/dfs_token_contract/build/mining/CMakeFiles/CMakeTmp

Run Build Command(s):/usr/bin/make cmTC_95299/fast && /Applications/Xcode.app/Contents/Developer/usr/bin/make  -f CMakeFiles/cmTC_95299.dir/build.make CMakeFiles/cmTC_95299.dir/build
Building C object CMakeFiles/cmTC_95299.dir/CMakeCCompilerABI.c.obj
//usr/local/bin/eosio-cc   -O3     -v -o CMakeFiles/cmTC_95299.dir/CMakeCCompilerABI.c.obj   -c /usr/local/Cellar/cmake/3.17.2/share/cmake/Modules/CMakeCCompilerABI.c
clang version 7.0.0 (https://github.com/eosio/clang.git 6b886302a11a8419b76e469794ff9d0c531a4b4b) (https://github.com/eosio/llvm 3c026f8b7813ad693749d3551353a554c5ca33e7)
Target: x86_64-apple-darwin19.5.0
Thread model: posix
InstalledDir: /usr/local/Cellar/eosio.cdt/1.7.0/opt/eosio.cdt/bin
Linking C executable cmTC_95299.wasm
/usr/local/Cellar/cmake/3.17.2/bin/cmake -E cmake_link_script CMakeFiles/cmTC_95299.dir/link.txt --verbose=1
//usr/local/bin/eosio-ld  -v CMakeFiles/cmTC_95299.dir/CMakeCCompilerABI.c.obj -o cmTC_95299.wasm 
eosio-ld: Unknown command line argument '-v'.  Try: '//usr/local/bin/eosio-ld -help'
eosio-ld: Did you mean '-L'?
make[4]: *** [cmTC_95299.wasm] Error 1
make[3]: *** [cmTC_95299/fast] Error 2




Detecting CXX compiler ABI info failed to compile with the following output:
Change Dir: /Users/joe/dfs_token_contract/build/mining/CMakeFiles/CMakeTmp

Run Build Command(s):/usr/bin/make cmTC_c33d4/fast && /Applications/Xcode.app/Contents/Developer/usr/bin/make  -f CMakeFiles/cmTC_c33d4.dir/build.make CMakeFiles/cmTC_c33d4.dir/build
Building CXX object CMakeFiles/cmTC_c33d4.dir/CMakeCXXCompilerABI.cpp.obj
//usr/local/bin/eosio-cpp    -O3     -v -o CMakeFiles/cmTC_c33d4.dir/CMakeCXXCompilerABI.cpp.obj -c /usr/local/Cellar/cmake/3.17.2/share/cmake/Modules/CMakeCXXCompilerABI.cpp
clang version 7.0.0 (https://github.com/eosio/clang.git 6b886302a11a8419b76e469794ff9d0c531a4b4b) (https://github.com/eosio/llvm 3c026f8b7813ad693749d3551353a554c5ca33e7)
Target: x86_64-apple-darwin19.5.0
Thread model: posix
InstalledDir: /usr/local/Cellar/eosio.cdt/1.7.0/opt/eosio.cdt/bin
Linking CXX executable cmTC_c33d4.wasm
/usr/local/Cellar/cmake/3.17.2/bin/cmake -E cmake_link_script CMakeFiles/cmTC_c33d4.dir/link.txt --verbose=1
//usr/local/bin/eosio-ld  -v CMakeFiles/cmTC_c33d4.dir/CMakeCXXCompilerABI.cpp.obj -o cmTC_c33d4.wasm 
eosio-ld: Unknown command line argument '-v'.  Try: '//usr/local/bin/eosio-ld -help'
eosio-ld: Did you mean '-L'?
make[4]: *** [cmTC_c33d4.wasm] Error 1
make[3]: *** [cmTC_c33d4/fast] Error 2




